This is pdfTeX, Version 3.14159265-2.6-1.40.21 (MiKTeX 2.9.7440 64-bit) (preloaded format=pdflatex 2020.6.16)  16 JUN 2020 16:58
entering extended mode
**./Subacquei.tex
(Subacquei.tex
LaTeX2e <2020-02-02> patch level 5
L3 programming layer <2020-06-03>
("C:\Program Files\MiKTeX 2.9\tex/latex/base\article.cls"
Document Class: article 2019/12/20 v1.4l Standard LaTeX document class
("C:\Program Files\MiKTeX 2.9\tex/latex/base\size10.clo"
File: size10.clo 2019/12/20 v1.4l Standard LaTeX file (size option)
)
\c@part=\count167
\c@section=\count168
\c@subsection=\count169
\c@subsubsection=\count170
\c@paragraph=\count171
\c@subparagraph=\count172
\c@figure=\count173
\c@table=\count174
\abovecaptionskip=\skip47
\belowcaptionskip=\skip48
\bibindent=\dimen134
)
("C:\Program Files\MiKTeX 2.9\tex/latex/base\inputenc.sty"
Package: inputenc 2018/08/11 v1.3c Input encoding file
\inpenc@prehook=\toks15
\inpenc@posthook=\toks16
)
("C:\Program Files\MiKTeX 2.9\tex/generic/babel\babel.sty"
Package: babel 2020/06/10 3.45 The Babel package

("C:\Program Files\MiKTeX 2.9\tex/generic/babel\babel.def"
File: babel.def 2020/06/10 3.45 Babel common definitions
\babel@savecnt=\count175
\U@D=\dimen135
\l@babelnohyphens=\language83

("C:\Program Files\MiKTeX 2.9\tex/generic/babel\txtbabel.def")
\bbl@readstream=\read2
)
\bbl@dirlevel=\count176

*************************************
* Local config file bblopts.cfg used
*
(C:\Users\User\AppData\Roaming\MiKTeX\2.9\tex/latex/arabi\bblopts.cfg
File: bblopts.cfg 2005/09/08 v0.1 add Arabic and Farsi to "declared" options of
 babel
)
(C:\Users\User\AppData\Roaming\MiKTeX\2.9\tex/latex/babel-italian\italian.ldf
Language: italian 2020/05/21 v.1.4.04 Italian support for the babel system
\it@lettering=\count177
\it@doublequoteactive=\count178
\it@ISOcompliance=\count179
)) (C:\Users\User\AppData\Roaming\MiKTeX\2.9\tex/latex/etoolbox\etoolbox.sty
Package: etoolbox 2019/09/21 v2.5h e-TeX tools for LaTeX (JAW)
\etb@tempcnta=\count180
)
("C:\Program Files\MiKTeX 2.9\tex/latex/base\fontenc.sty"
Package: fontenc 2020/02/11 v2.0o Standard LaTeX package
)
("C:\Program Files\MiKTeX 2.9\tex/latex/amsmath\amsmath.sty"
Package: amsmath 2020/01/20 v2.17e AMS math features
\@mathmargin=\skip49

For additional information on amsmath, use the `?' option.
("C:\Program Files\MiKTeX 2.9\tex/latex/amsmath\amstext.sty"
Package: amstext 2000/06/29 v2.01 AMS text

("C:\Program Files\MiKTeX 2.9\tex/latex/amsmath\amsgen.sty"
File: amsgen.sty 1999/11/30 v2.0 generic functions
\@emptytoks=\toks17
\ex@=\dimen136
))
("C:\Program Files\MiKTeX 2.9\tex/latex/amsmath\amsbsy.sty"
Package: amsbsy 1999/11/29 v1.2d Bold Symbols
\pmbraise@=\dimen137
)
("C:\Program Files\MiKTeX 2.9\tex/latex/amsmath\amsopn.sty"
Package: amsopn 2016/03/08 v2.02 operator names
)
\inf@bad=\count181
LaTeX Info: Redefining \frac on input line 227.
\uproot@=\count182
\leftroot@=\count183
LaTeX Info: Redefining \overline on input line 389.
\classnum@=\count184
\DOTSCASE@=\count185
LaTeX Info: Redefining \ldots on input line 486.
LaTeX Info: Redefining \dots on input line 489.
LaTeX Info: Redefining \cdots on input line 610.
\Mathstrutbox@=\box45
\strutbox@=\box46
\big@size=\dimen138
LaTeX Font Info:    Redeclaring font encoding OML on input line 733.
LaTeX Font Info:    Redeclaring font encoding OMS on input line 734.
\macc@depth=\count186
\c@MaxMatrixCols=\count187
\dotsspace@=\muskip16
\c@parentequation=\count188
\dspbrk@lvl=\count189
\tag@help=\toks18
\row@=\count190
\column@=\count191
\maxfields@=\count192
\andhelp@=\toks19
\eqnshift@=\dimen139
\alignsep@=\dimen140
\tagshift@=\dimen141
\tagwidth@=\dimen142
\totwidth@=\dimen143
\lineht@=\dimen144
\@envbody=\toks20
\multlinegap=\skip50
\multlinetaggap=\skip51
\mathdisplay@stack=\toks21
LaTeX Info: Redefining \[ on input line 2859.
LaTeX Info: Redefining \] on input line 2860.
)
("C:\Program Files\MiKTeX 2.9\tex/latex/base\latexsym.sty"
Package: latexsym 1998/08/17 v2.2e Standard LaTeX package (lasy symbols)
\symlasy=\mathgroup4
LaTeX Font Info:    Overwriting symbol font `lasy' in version `bold'
(Font)                  U/lasy/m/n --> U/lasy/b/n on input line 52.
)
("C:\Program Files\MiKTeX 2.9\tex/latex/graphics\graphicx.sty"
Package: graphicx 2019/11/30 v1.2a Enhanced LaTeX Graphics (DPC,SPQR)

("C:\Program Files\MiKTeX 2.9\tex/latex/graphics\keyval.sty"
Package: keyval 2014/10/28 v1.15 key=value parser (DPC)
\KV@toks@=\toks22
)
("C:\Program Files\MiKTeX 2.9\tex/latex/graphics\graphics.sty"
Package: graphics 2019/11/30 v1.4a Standard LaTeX Graphics (DPC,SPQR)

("C:\Program Files\MiKTeX 2.9\tex/latex/graphics\trig.sty"
Package: trig 2016/01/03 v1.10 sin cos tan (DPC)
)
("C:\Program Files\MiKTeX 2.9\tex/latex/graphics-cfg\graphics.cfg"
File: graphics.cfg 2016/06/04 v1.11 sample graphics configuration
)
Package graphics Info: Driver file: pdftex.def on input line 105.

("C:\Program Files\MiKTeX 2.9\tex/latex/graphics-def\pdftex.def"
File: pdftex.def 2018/01/08 v1.0l Graphics/color driver for pdftex
))
\Gin@req@height=\dimen145
\Gin@req@width=\dimen146
)
(C:\Users\User\AppData\Roaming\MiKTeX\2.9\tex/latex/was\gensymb.sty
Package: gensymb 2003/07/02 v1.0 (WaS)
)
("C:\Program Files\MiKTeX 2.9\tex/latex/base\textcomp.sty"
Package: textcomp 2020/02/02 v2.0n Standard LaTeX package
)
(C:\Users\User\AppData\Roaming\MiKTeX\2.9\tex/latex/imakeidx\imakeidx.sty
Package: imakeidx 2016/10/15 v1.3e Package for typesetting indices in a synchro
nous mode

("C:\Program Files\MiKTeX 2.9\tex/latex/xkeyval\xkeyval.sty"
Package: xkeyval 2014/12/03 v2.7a package option processing (HA)

("C:\Program Files\MiKTeX 2.9\tex/generic/xkeyval\xkeyval.tex"
("C:\Program Files\MiKTeX 2.9\tex/generic/xkeyval\xkvutils.tex"
\XKV@toks=\toks23
\XKV@tempa@toks=\toks24
)
\XKV@depth=\count193
File: xkeyval.tex 2014/12/03 v2.7a key=value parser (HA)
))
(C:\Users\User\AppData\Roaming\MiKTeX\2.9\tex/generic/iftex\ifxetex.sty
Package: ifxetex 2019/10/25 v0.7 ifxetex legacy package. Use iftex instead.

(C:\Users\User\AppData\Roaming\MiKTeX\2.9\tex/generic/iftex\iftex.sty
Package: iftex 2020/03/06 v1.0d TeX engine tests
))
(C:\Users\User\AppData\Roaming\MiKTeX\2.9\tex/generic/iftex\ifluatex.sty
Package: ifluatex 2019/10/25 v1.5 ifluatex legacy package. Use iftex instead.
)
("C:\Program Files\MiKTeX 2.9\tex/latex/tools\multicol.sty"
Package: multicol 2019/12/09 v1.8y multicolumn formatting (FMi)
\c@tracingmulticols=\count194
\mult@box=\box47
\multicol@leftmargin=\dimen147
\c@unbalance=\count195
\c@collectmore=\count196
\doublecol@number=\count197
\multicoltolerance=\count198
\multicolpretolerance=\count199
\full@width=\dimen148
\page@free=\dimen149
\premulticols=\dimen150
\postmulticols=\dimen151
\multicolsep=\skip52
\multicolbaselineskip=\skip53
\partial@page=\box48
\last@line=\box49
\maxbalancingoverflow=\dimen152
\mult@rightbox=\box50
\mult@grightbox=\box51
\mult@gfirstbox=\box52
\mult@firstbox=\box53
\@tempa=\box54
\@tempa=\box55
\@tempa=\box56
\@tempa=\box57
\@tempa=\box58
\@tempa=\box59
\@tempa=\box60
\@tempa=\box61
\@tempa=\box62
\@tempa=\box63
\@tempa=\box64
\@tempa=\box65
\@tempa=\box66
\@tempa=\box67
\@tempa=\box68
\@tempa=\box69
\@tempa=\box70
\@tempa=\box71
\@tempa=\box72
\@tempa=\box73
\@tempa=\box74
\@tempa=\box75
\@tempa=\box76
\@tempa=\box77
\@tempa=\box78
\@tempa=\box79
\@tempa=\box80
\@tempa=\box81
\@tempa=\box82
\@tempa=\box83
\@tempa=\box84
\@tempa=\box85
\@tempa=\box86
\@tempa=\box87
\@tempa=\box88
\@tempa=\box89
\@tempa=\box90
\c@minrows=\count266
\c@columnbadness=\count267
\c@finalcolumnbadness=\count268
\last@try=\dimen153
\multicolovershoot=\dimen154
\multicolundershoot=\dimen155
\mult@nat@firstbox=\box91
\colbreak@box=\box92
\mc@col@check@num=\count269
))
(C:\Users\User\AppData\Roaming\MiKTeX\2.9\tex/latex/siunitx\siunitx.sty
(C:\Users\User\AppData\Roaming\MiKTeX\2.9\tex/latex/l3kernel\expl3.sty
Package: expl3 2020-06-03 L3 programming layer (loader) 

(C:\Users\User\AppData\Roaming\MiKTeX\2.9\tex/latex/l3backend\l3backend-pdfmode
.def
File: l3backend-pdfmode.def 2020-06-03 L3 backend support: PDF mode
\l__kernel_color_stack_int=\count270
\l__pdf_internal_box=\box93
))
(C:\Users\User\AppData\Roaming\MiKTeX\2.9\tex/latex/l3packages/xparse\xparse.st
y
Package: xparse 2020-05-15 L3 Experimental document command parser

(C:\Users\User\AppData\Roaming\MiKTeX\2.9\tex/latex/l3packages/xparse\xparse-ge
neric.tex
\l__xparse_current_arg_int=\count271
\g__xparse_grabber_int=\count272
\l__xparse_m_args_int=\count273
\l__xparse_v_nesting_int=\count274
))
Package: siunitx 2020/02/25 v2.8b A comprehensive (SI) units package
 ("C:\Program Files\MiKTeX 2.9\tex/latex/tools\array.sty"
Package: array 2019/08/31 v2.4l Tabular extension package (FMi)
\col@sep=\dimen156
\ar@mcellbox=\box94
\extrarowheight=\dimen157
\NC@list=\toks25
\extratabsurround=\skip54
\backup@length=\skip55
\ar@cellbox=\box95
)
(C:\Users\User\AppData\Roaming\MiKTeX\2.9\tex/latex/l3packages/l3keys2e\l3keys2
e.sty
Package: l3keys2e 2020-05-15 LaTeX2e option processing using LaTeX3 keys
)
\l__siunitx_tmp_box=\box96
\l__siunitx_tmp_dim=\dimen158
\l__siunitx_tmp_int=\count275
\l__siunitx_number_mantissa_length_int=\count276
\l__siunitx_number_uncert_length_int=\count277
\l__siunitx_round_int=\count278
\l__siunitx_process_decimal_int=\count279
\l__siunitx_process_uncertainty_int=\count280
\l__siunitx_process_fixed_int=\count281
\l__siunitx_process_integer_min_int=\count282
\l__siunitx_process_precision_int=\count283
\l__siunitx_group_min_int=\count284
\l__siunitx_angle_marker_box=\box97
\l__siunitx_angle_unit_box=\box98
\l__siunitx_angle_marker_dim=\dimen159
\l__siunitx_angle_unit_dim=\dimen160
\l__siunitx_unit_int=\count285
\l__siunitx_unit_denominator_int=\count286
\l__siunitx_unit_numerator_int=\count287
\l__siunitx_unit_prefix_int=\count288
\l__siunitx_unit_prefix_base_int=\count289
\l__siunitx_unit_prefix_gram_int=\count290
\l__siunitx_number_product_int=\count291
\c__siunitx_one_fill_skip=\skip56
\l__siunitx_table_unit_align_skip=\skip57
\l__siunitx_table_exponent_dim=\dimen161
\l__siunitx_table_integer_dim=\dimen162
\l__siunitx_table_mantissa_dim=\dimen163
\l__siunitx_table_marker_dim=\dimen164
\l__siunitx_table_result_dim=\dimen165
\l__siunitx_table_uncert_dim=\dimen166
\l__siunitx_table_fill_pre_dim=\dimen167
\l__siunitx_table_fill_post_dim=\dimen168
\l__siunitx_table_fill_mid_dim=\dimen169
\l__siunitx_table_pre_box=\box99
\l__siunitx_table_post_box=\box100
\l__siunitx_table_mantissa_box=\box101
\l__siunitx_table_result_box=\box102
\l__siunitx_table_number_align_skip=\skip58
\l__siunitx_table_text_align_skip=\skip59

(C:\Users\User\AppData\Roaming\MiKTeX\2.9\tex/latex/translator\translator.sty
Package: translator 2019-05-31 v1.12a Easy translation of strings in LaTeX
)) ("C:\Program Files\MiKTeX 2.9\tex/latex/amsfonts\amssymb.sty"
Package: amssymb 2013/01/14 v3.01 AMS font symbols

("C:\Program Files\MiKTeX 2.9\tex/latex/amsfonts\amsfonts.sty"
Package: amsfonts 2013/01/14 v3.01 Basic AMSFonts support
\symAMSa=\mathgroup5
\symAMSb=\mathgroup6
LaTeX Font Info:    Redeclaring math symbol \hbar on input line 98.
LaTeX Font Info:    Overwriting math alphabet `\mathfrak' in version `bold'
(Font)                  U/euf/m/n --> U/euf/b/n on input line 106.
))
(C:\Users\User\AppData\Roaming\MiKTeX\2.9\tex/latex/biblatex\biblatex.sty
Package: biblatex 2019/12/01 v3.14 programmable bibliographies (PK/MW)

(C:\Users\User\AppData\Roaming\MiKTeX\2.9\tex/latex/pdftexcmds\pdftexcmds.sty
Package: pdftexcmds 2020-06-04 v0.32 Utility functions of pdfTeX for LuaTeX (HO
)

(C:\Users\User\AppData\Roaming\MiKTeX\2.9\tex/generic/infwarerr\infwarerr.sty
Package: infwarerr 2019/12/03 v1.5 Providing info/warning/error messages (HO)
)
(C:\Users\User\AppData\Roaming\MiKTeX\2.9\tex/generic/ltxcmds\ltxcmds.sty
Package: ltxcmds 2019/12/15 v1.24 LaTeX kernel commands for general use (HO)
)
Package pdftexcmds Info: \pdf@primitive is available.
Package pdftexcmds Info: \pdf@ifprimitive is available.
Package pdftexcmds Info: \pdfdraftmode found.
)
(C:\Users\User\AppData\Roaming\MiKTeX\2.9\tex/latex/kvoptions\kvoptions.sty
Package: kvoptions 2019/11/29 v3.13 Key value format for package options (HO)

(C:\Users\User\AppData\Roaming\MiKTeX\2.9\tex/generic/kvsetkeys\kvsetkeys.sty
Package: kvsetkeys 2019/12/15 v1.18 Key value parser (HO)
)) (C:\Users\User\AppData\Roaming\MiKTeX\2.9\tex/latex/logreq\logreq.sty
Package: logreq 2010/08/04 v1.0 xml request logger
\lrq@indent=\count292

(C:\Users\User\AppData\Roaming\MiKTeX\2.9\tex/latex/logreq\logreq.def
File: logreq.def 2010/08/04 v1.0 logreq spec v1.0
))
("C:\Program Files\MiKTeX 2.9\tex/latex/base\ifthen.sty"
Package: ifthen 2014/09/29 v1.1c Standard LaTeX ifthen package (DPC)
)
(C:\Users\User\AppData\Roaming\MiKTeX\2.9\tex/latex/url\url.sty
\Urlmuskip=\muskip17
Package: url 2013/09/16  ver 3.4  Verb mode for urls, etc.
)
\c@tabx@nest=\count293
\c@listtotal=\count294
\c@listcount=\count295
\c@liststart=\count296
\c@liststop=\count297
\c@citecount=\count298
\c@citetotal=\count299
\c@multicitecount=\count300
\c@multicitetotal=\count301
\c@instcount=\count302
\c@maxnames=\count303
\c@minnames=\count304
\c@maxitems=\count305
\c@minitems=\count306
\c@citecounter=\count307
\c@maxcitecounter=\count308
\c@savedcitecounter=\count309
\c@uniquelist=\count310
\c@uniquename=\count311
\c@refsection=\count312
\c@refsegment=\count313
\c@maxextratitle=\count314
\c@maxextratitleyear=\count315
\c@maxextraname=\count316
\c@maxextradate=\count317
\c@maxextraalpha=\count318
\c@abbrvpenalty=\count319
\c@highnamepenalty=\count320
\c@lownamepenalty=\count321
\c@maxparens=\count322
\c@parenlevel=\count323
\blx@tempcnta=\count324
\blx@tempcntb=\count325
\blx@tempcntc=\count326
\blx@maxsection=\count327
\blx@maxsegment@0=\count328
\blx@notetype=\count329
\blx@parenlevel@text=\count330
\blx@parenlevel@foot=\count331
\blx@sectionciteorder@0=\count332
\blx@entrysetcounter=\count333
\labelnumberwidth=\skip60
\labelalphawidth=\skip61
\biblabelsep=\skip62
\bibitemsep=\skip63
\bibnamesep=\skip64
\bibinitsep=\skip65
\bibparsep=\skip66
\bibhang=\skip67
\blx@bcfin=\read3
\blx@bcfout=\write3
\blx@langwohyphens=\language84
\c@mincomprange=\count334
\c@maxcomprange=\count335
\c@mincompwidth=\count336
Package biblatex Info: Trying to load biblatex default data model...
Package biblatex Info: ... file 'blx-dm.def' found.

(C:\Users\User\AppData\Roaming\MiKTeX\2.9\tex/latex/biblatex\blx-dm.def
File: blx-dm.def 2019/12/01 v3.14 biblatex localization (PK/MW)
)
Package biblatex Info: Trying to load biblatex custom data model...
Package biblatex Info: ... file 'biblatex-dm.cfg' not found.
\c@afterword=\count337
\c@savedafterword=\count338
\c@annotator=\count339
\c@savedannotator=\count340
\c@author=\count341
\c@savedauthor=\count342
\c@bookauthor=\count343
\c@savedbookauthor=\count344
\c@commentator=\count345
\c@savedcommentator=\count346
\c@editor=\count347
\c@savededitor=\count348
\c@editora=\count349
\c@savededitora=\count350
\c@editorb=\count351
\c@savededitorb=\count352
\c@editorc=\count353
\c@savededitorc=\count354
\c@foreword=\count355
\c@savedforeword=\count356
\c@holder=\count357
\c@savedholder=\count358
\c@introduction=\count359
\c@savedintroduction=\count360
\c@namea=\count361
\c@savednamea=\count362
\c@nameb=\count363
\c@savednameb=\count364
\c@namec=\count365
\c@savednamec=\count366
\c@translator=\count367
\c@savedtranslator=\count368
\c@shortauthor=\count369
\c@savedshortauthor=\count370
\c@shorteditor=\count371
\c@savedshorteditor=\count372
\c@labelname=\count373
\c@savedlabelname=\count374
\c@institution=\count375
\c@savedinstitution=\count376
\c@lista=\count377
\c@savedlista=\count378
\c@listb=\count379
\c@savedlistb=\count380
\c@listc=\count381
\c@savedlistc=\count382
\c@listd=\count383
\c@savedlistd=\count384
\c@liste=\count385
\c@savedliste=\count386
\c@listf=\count387
\c@savedlistf=\count388
\c@location=\count389
\c@savedlocation=\count390
\c@organization=\count391
\c@savedorganization=\count392
\c@origlocation=\count393
\c@savedoriglocation=\count394
\c@origpublisher=\count395
\c@savedorigpublisher=\count396
\c@publisher=\count397
\c@savedpublisher=\count398
\c@language=\count399
\c@savedlanguage=\count400
\c@origlanguage=\count401
\c@savedoriglanguage=\count402
\c@pageref=\count403
\c@savedpageref=\count404
\shorthandwidth=\skip68
\shortjournalwidth=\skip69
\shortserieswidth=\skip70
\shorttitlewidth=\skip71
\shortauthorwidth=\skip72
\shorteditorwidth=\skip73
\locallabelnumberwidth=\skip74
\locallabelalphawidth=\skip75
\localshorthandwidth=\skip76
\localshortjournalwidth=\skip77
\localshortserieswidth=\skip78
\localshorttitlewidth=\skip79
\localshortauthorwidth=\skip80
\localshorteditorwidth=\skip81
Package biblatex Info: Trying to load compatibility code...
Package biblatex Info: ... file 'blx-compat.def' found.

(C:\Users\User\AppData\Roaming\MiKTeX\2.9\tex/latex/biblatex\blx-compat.def
File: blx-compat.def 2019/12/01 v3.14 biblatex compatibility (PK/MW)
)
Package biblatex Info: Trying to load generic definitions...
Package biblatex Info: ... file 'biblatex.def' found.

(C:\Users\User\AppData\Roaming\MiKTeX\2.9\tex/latex/biblatex\biblatex.def
File: biblatex.def 2019/12/01 v3.14 biblatex compatibility (PK/MW)
\c@textcitecount=\count405
\c@textcitetotal=\count406
\c@textcitemaxnames=\count407
\c@biburlbigbreakpenalty=\count408
\c@biburlbreakpenalty=\count409
\c@biburlnumpenalty=\count410
\c@biburlucpenalty=\count411
\c@biburllcpenalty=\count412
\biburlbigskip=\muskip18
\biburlnumskip=\muskip19
\biburlucskip=\muskip20
\biburllcskip=\muskip21
\c@smartand=\count413
)
Package biblatex Info: Trying to load bibliography style 'numeric'...
Package biblatex Info: ... file 'numeric.bbx' found.

(C:\Users\User\AppData\Roaming\MiKTeX\2.9\tex/latex/biblatex/bbx\numeric.bbx
File: numeric.bbx 2019/12/01 v3.14 biblatex bibliography style (PK/MW)
Package biblatex Info: Trying to load bibliography style 'standard'...
Package biblatex Info: ... file 'standard.bbx' found.

(C:\Users\User\AppData\Roaming\MiKTeX\2.9\tex/latex/biblatex/bbx\standard.bbx
File: standard.bbx 2019/12/01 v3.14 biblatex bibliography style (PK/MW)
\c@bbx:relatedcount=\count414
\c@bbx:relatedtotal=\count415
))
Package biblatex Info: Trying to load citation style 'numeric'...
Package biblatex Info: ... file 'numeric.cbx' found.
(C:\Users\User\AppData\Roaming\MiKTeX\2.9\tex/latex/biblatex/cbx\numeric.cbx
File: numeric.cbx 2019/12/01 v3.14 biblatex citation style (PK/MW)
Package biblatex Info: Redefining '\cite'.
Package biblatex Info: Redefining '\parencite'.
Package biblatex Info: Redefining '\footcite'.
Package biblatex Info: Redefining '\footcitetext'.
Package biblatex Info: Redefining '\smartcite'.
Package biblatex Info: Redefining '\supercite'.
Package biblatex Info: Redefining '\textcite'.
Package biblatex Info: Redefining '\textcites'.
Package biblatex Info: Redefining '\cites'.
Package biblatex Info: Redefining '\parencites'.
Package biblatex Info: Redefining '\smartcites'.
)
Package biblatex Info: Trying to load configuration file...
Package biblatex Info: ... file 'biblatex.cfg' found.

(C:\Users\User\AppData\Roaming\MiKTeX\2.9\tex/latex/biblatex\biblatex.cfg
File: biblatex.cfg 
))
(C:\Users\User\AppData\Roaming\MiKTeX\2.9\tex/latex/csquotes\csquotes.sty
Package: csquotes 2019-12-06 v5.2j context-sensitive quotations (JAW)
\csq@reset=\count416
\csq@gtype=\count417
\csq@glevel=\count418
\csq@qlevel=\count419
\csq@maxlvl=\count420
\csq@tshold=\count421
\csq@ltx@everypar=\toks26

(C:\Users\User\AppData\Roaming\MiKTeX\2.9\tex/latex/csquotes\csquotes.def
File: csquotes.def 2019-12-06 v5.2j csquotes generic definitions (JAW)
)
Package csquotes Info: Trying to load configuration file 'csquotes.cfg'...
Package csquotes Info: ... configuration file loaded successfully.

(C:\Users\User\AppData\Roaming\MiKTeX\2.9\tex/latex/csquotes\csquotes.cfg
File: csquotes.cfg 
))
("C:\Program Files\MiKTeX 2.9\tex/latex/hyperref\hyperref.sty"
Package: hyperref 2020-05-15 v7.00e Hypertext links for LaTeX

(C:\Users\User\AppData\Roaming\MiKTeX\2.9\tex/generic/kvdefinekeys\kvdefinekeys
.sty
Package: kvdefinekeys 2019-12-19 v1.6 Define keys (HO)
)
(C:\Users\User\AppData\Roaming\MiKTeX\2.9\tex/generic/pdfescape\pdfescape.sty
Package: pdfescape 2019/12/09 v1.15 Implements pdfTeX's escape features (HO)
)
(C:\Users\User\AppData\Roaming\MiKTeX\2.9\tex/latex/hycolor\hycolor.sty
Package: hycolor 2020-01-27 v1.10 Color options for hyperref/bookmark (HO)
)
(C:\Users\User\AppData\Roaming\MiKTeX\2.9\tex/latex/letltxmacro\letltxmacro.sty
Package: letltxmacro 2019/12/03 v1.6 Let assignment for LaTeX macros (HO)
) (C:\Users\User\AppData\Roaming\MiKTeX\2.9\tex/latex/auxhook\auxhook.sty
Package: auxhook 2019-12-17 v1.6 Hooks for auxiliary files (HO)
)
\@linkdim=\dimen170
\Hy@linkcounter=\count422
\Hy@pagecounter=\count423

("C:\Program Files\MiKTeX 2.9\tex/latex/hyperref\pd1enc.def"
File: pd1enc.def 2020-05-15 v7.00e Hyperref: PDFDocEncoding definition (HO)
Now handling font encoding PD1 ...
... no UTF-8 mapping file for font encoding PD1
)
(C:\Users\User\AppData\Roaming\MiKTeX\2.9\tex/generic/intcalc\intcalc.sty
Package: intcalc 2019/12/15 v1.3 Expandable calculations with integers (HO)
)
(C:\Users\User\AppData\Roaming\MiKTeX\2.9\tex/generic/etexcmds\etexcmds.sty
Package: etexcmds 2019/12/15 v1.7 Avoid name clashes with e-TeX commands (HO)
)
\Hy@SavedSpaceFactor=\count424
Package hyperref Info: Hyper figures OFF on input line 4464.
Package hyperref Info: Link nesting OFF on input line 4469.
Package hyperref Info: Hyper index ON on input line 4472.
Package hyperref Info: Plain pages OFF on input line 4479.
Package hyperref Info: Backreferencing OFF on input line 4484.
Package hyperref Info: Implicit mode ON; LaTeX internals redefined.
Package hyperref Info: Bookmarks ON on input line 4717.
\c@Hy@tempcnt=\count425
LaTeX Info: Redefining \url on input line 5076.
\XeTeXLinkMargin=\dimen171

(C:\Users\User\AppData\Roaming\MiKTeX\2.9\tex/generic/bitset\bitset.sty
Package: bitset 2019/12/09 v1.3 Handle bit-vector datatype (HO)

(C:\Users\User\AppData\Roaming\MiKTeX\2.9\tex/generic/bigintcalc\bigintcalc.sty
Package: bigintcalc 2019/12/15 v1.5 Expandable calculations on big integers (HO
)
))
\Fld@menulength=\count426
\Field@Width=\dimen172
\Fld@charsize=\dimen173
Package hyperref Info: Hyper figures OFF on input line 6347.
Package hyperref Info: Link nesting OFF on input line 6352.
Package hyperref Info: Hyper index ON on input line 6355.
Package hyperref Info: backreferencing OFF on input line 6362.
Package hyperref Info: Link coloring OFF on input line 6367.
Package hyperref Info: Link coloring with OCG OFF on input line 6372.
Package hyperref Info: PDF/A mode OFF on input line 6377.
LaTeX Info: Redefining \ref on input line 6417.
LaTeX Info: Redefining \pageref on input line 6421.
 (C:\Users\User\AppData\Roaming\MiKTeX\2.9\tex/generic/atbegshi\atbegshi.sty
Package: atbegshi 2019/12/05 v1.19 At begin shipout hook (HO)
)
\Hy@abspage=\count427
\c@Item=\count428
\c@Hfootnote=\count429
)
Package hyperref Info: Driver (autodetected): hpdftex.
 ("C:\Program Files\MiKTeX 2.9\tex/latex/hyperref\hpdftex.def"
File: hpdftex.def 2020-05-15 v7.00e Hyperref driver for pdfTeX

(C:\Users\User\AppData\Roaming\MiKTeX\2.9\tex/latex/atveryend\atveryend.sty
Package: atveryend 2019-12-11 v1.11 Hooks at the very end of document (HO)
)
\Fld@listcount=\count430
\c@bookmark@seq@number=\count431

(C:\Users\User\AppData\Roaming\MiKTeX\2.9\tex/latex/rerunfilecheck\rerunfileche
ck.sty
Package: rerunfilecheck 2019/12/05 v1.9 Rerun checks for auxiliary files (HO)

(C:\Users\User\AppData\Roaming\MiKTeX\2.9\tex/generic/uniquecounter\uniquecount
er.sty
Package: uniquecounter 2019/12/15 v1.4 Provide unlimited unique counter (HO)
)
Package uniquecounter Info: New unique counter `rerunfilecheck' on input line 2
86.
)
\Hy@SectionHShift=\skip82
)
Package csquotes Info: Checking for multilingual support...
Package csquotes Info: ... found 'babel' package.
Package csquotes Info: Adjusting default style.
Package csquotes Info: Redefining alias 'default' -> 'italian'.
 (Subacquei.aux)
\openout1 = `Subacquei.aux'.

LaTeX Font Info:    Checking defaults for OML/cmm/m/it on input line 28.
LaTeX Font Info:    ... okay on input line 28.
LaTeX Font Info:    Checking defaults for OMS/cmsy/m/n on input line 28.
LaTeX Font Info:    ... okay on input line 28.
LaTeX Font Info:    Checking defaults for OT1/cmr/m/n on input line 28.
LaTeX Font Info:    ... okay on input line 28.
LaTeX Font Info:    Checking defaults for T1/cmr/m/n on input line 28.
LaTeX Font Info:    ... okay on input line 28.
LaTeX Font Info:    Checking defaults for TS1/cmr/m/n on input line 28.
LaTeX Font Info:    ... okay on input line 28.
LaTeX Font Info:    Checking defaults for OMX/cmex/m/n on input line 28.
LaTeX Font Info:    ... okay on input line 28.
LaTeX Font Info:    Checking defaults for U/cmr/m/n on input line 28.
LaTeX Font Info:    ... okay on input line 28.
LaTeX Font Info:    Checking defaults for PD1/pdf/m/n on input line 28.
LaTeX Font Info:    ... okay on input line 28.
LaTeX Info: Redefining \it@ocap on input line 28.
LaTeX Info: Redefining \it@ccap on input line 28.

(C:\Users\User\AppData\Roaming\MiKTeX\2.9\tex/context/base/mkii\supp-pdf.mkii
[Loading MPS to PDF converter (version 2006.09.02).]
\scratchcounter=\count432
\scratchdimen=\dimen174
\scratchbox=\box103
\nofMPsegments=\count433
\nofMParguments=\count434
\everyMPshowfont=\toks27
\MPscratchCnt=\count435
\MPscratchDim=\dimen175
\MPnumerator=\count436
\makeMPintoPDFobject=\count437
\everyMPtoPDFconversion=\toks28
)
(C:\Users\User\AppData\Roaming\MiKTeX\2.9\tex/latex/epstopdf-pkg\epstopdf-base.
sty
Package: epstopdf-base 2020-01-24 v2.11 Base part for package epstopdf
Package epstopdf-base Info: Redefining graphics rule for `.eps' on input line 4
85.
)
\symgns@font=\mathgroup7
LaTeX Font Info:    Overwriting symbol font `gns@font' in version `bold'
(Font)                  TS1/cmr/m/n --> TS1/cmr/b/n on input line 28.
Package gensymb Info: Math companion symbols declared on input line 28.
LaTeX Info: Redefining \degree on input line 28.
LaTeX Info: Redefining \celsius on input line 28.
Package gensymb Info: Using text companion symbols for \degree, \celsius and \p
erthousand on input line 28.
LaTeX Info: Redefining \ohm on input line 28.
Package gensymb Info: Using \textohm for \ohm on input line 28.
Package gensymb Info: Using \textmu for \micro on input line 28.

(C:\Users\User\AppData\Roaming\MiKTeX\2.9\tex/latex/translator\translator-basic
-dictionary-English.dict
Dictionary: translator-basic-dictionary, Language: English 
)
(C:\Users\User\AppData\Roaming\MiKTeX\2.9\tex/latex/siunitx\siunitx-abbreviatio
ns.cfg
File: siunitx-abbreviations.cfg 2017/11/26 v2.7k siunitx: Abbreviated units
)
Package biblatex Info: Trying to load language 'italian'...
Package biblatex Info: ... file 'italian.lbx' found.

(C:\Users\User\AppData\Roaming\MiKTeX\2.9\tex/latex/biblatex/lbx\italian.lbx
File: italian.lbx 2019/12/01 v3.14 biblatex localization (PK/MW)
)
Package biblatex Info: Input encoding 'utf8' detected.
Package biblatex Info: Automatic encoding selection.
(biblatex)             Assuming data encoding 'utf8'.
\openout3 = `Subacquei.bcf'.

Package biblatex Info: Trying to load bibliographic data...
Package biblatex Info: ... file 'Subacquei.bbl' found.

(Subacquei.bbl)
Package biblatex Info: Reference section=0 on input line 28.
Package biblatex Info: Reference segment=0 on input line 28.
\AtBeginShipoutBox=\box104
Package hyperref Info: Link coloring OFF on input line 28.
 ("C:\Program Files\MiKTeX 2.9\tex/latex/hyperref\nameref.sty"
Package: nameref 2019/09/16 v2.46 Cross-referencing by name of section

(C:\Users\User\AppData\Roaming\MiKTeX\2.9\tex/latex/refcount\refcount.sty
Package: refcount 2019/12/15 v3.6 Data extraction from label references (HO)
)
(C:\Users\User\AppData\Roaming\MiKTeX\2.9\tex/generic/gettitlestring\gettitlest
ring.sty
Package: gettitlestring 2019/12/15 v1.6 Cleanup title references (HO)
)
\c@section@level=\count438
)
LaTeX Info: Redefining \ref on input line 28.
LaTeX Info: Redefining \pageref on input line 28.
LaTeX Info: Redefining \nameref on input line 28.
 (Subacquei.out) (Subacquei.out)
\@outlinefile=\write4
\openout4 = `Subacquei.out'.

LaTeX Font Info:    Trying to load font information for U+lasy on input line 28
.

("C:\Program Files\MiKTeX 2.9\tex/latex/base\ulasy.fd"
File: ulasy.fd 1998/08/17 v2.2e LaTeX symbol font definitions
)
LaTeX Font Info:    Trying to load font information for U+msa on input line 28.


("C:\Program Files\MiKTeX 2.9\tex/latex/amsfonts\umsa.fd"
File: umsa.fd 2013/01/14 v3.01 AMS symbols A
)
LaTeX Font Info:    Trying to load font information for U+msb on input line 28.


("C:\Program Files\MiKTeX 2.9\tex/latex/amsfonts\umsb.fd"
File: umsb.fd 2013/01/14 v3.01 AMS symbols B
)
("Frontespizio subacquei.tex"
Package epstopdf Info: Source file: <../Immagini/cherubino_black.eps>
(epstopdf)                    date: 2017-05-11 15:41:27
(epstopdf)                    size: 1469422 bytes
(epstopdf)             Output file: <../Immagini/cherubino_black-eps-converted-
to.pdf>
(epstopdf)                    date: 2020-06-14 18:37:09
(epstopdf)                    size: 67012 bytes
(epstopdf)             Command: <epstopdf --outfile=../Immagini/cherubino_black
-eps-converted-to.pdf ../Immagini/cherubino_black.eps>
(epstopdf)             \includegraphics on input line 24.
Package epstopdf Info: Output file is already uptodate.
<../Immagini/cherubino_black-eps-converted-to.pdf, id=83, 288.07625pt x 293.095
pt>
File: ../Immagini/cherubino_black-eps-converted-to.pdf Graphic file (type pdf)
<use ../Immagini/cherubino_black-eps-converted-to.pdf>
Package pdftex.def Info: ../Immagini/cherubino_black-eps-converted-to.pdf  used
 on input line 24.
(pdftex.def)             Requested size: 137.9979pt x 140.40671pt.
 [1

{C:/Users/User/AppData/Local/MiKTeX/2.9/pdftex/config/pdftex.map} <../Immagini/
cherubino_black-eps-converted-to.pdf>])
(Subacquei.toc)
\tf@toc=\write5
\openout5 = `Subacquei.toc'.

pdfTeX warning (ext4): destination with the same identifier (name{page.1}) has 
been already used, duplicate ignored
<to be read again> 
                   \relax 
l.33     \newpage
                  [1]
Underfull \hbox (badness 10000) in paragraph at lines 35--44

 []

[2]
Underfull \hbox (badness 10000) in paragraph at lines 48--49

 []


Underfull \hbox (badness 10000) in paragraph at lines 56--58

 []


Underfull \hbox (badness 10000) in paragraph at lines 95--105

 []

[3]
Underfull \hbox (badness 10000) in paragraph at lines 106--110

 []


Underfull \hbox (badness 10000) in paragraph at lines 106--110

 []


Underfull \hbox (badness 10000) in paragraph at lines 106--110

 []


Underfull \hbox (badness 10000) in paragraph at lines 111--114

 []

[4]
Underfull \hbox (badness 10000) in paragraph at lines 118--121

 []

<aread'interesse.png, id=148, 1221.06187pt x 633.86812pt>
File: aread'interesse.png Graphic file (type png)
<use aread'interesse.png>
Package pdftex.def Info: aread'interesse.png  used on input line 125.
(pdftex.def)             Requested size: 366.3214pt x 190.1619pt.

Underfull \hbox (badness 10000) in paragraph at lines 129--132

 []


Underfull \hbox (badness 10000) in paragraph at lines 129--132

 []


Underfull \hbox (badness 10000) in paragraph at lines 133--135

 []


Underfull \hbox (badness 10000) in paragraph at lines 135--136

 []


Underfull \hbox (badness 10000) in paragraph at lines 136--137

 []


Underfull \hbox (badness 10000) in paragraph at lines 138--141

 []

[5 <./aread'interesse.png>]
<latisurvey.png, id=155, 703.428pt x 433.62pt>
File: latisurvey.png Graphic file (type png)
<use latisurvey.png>
Package pdftex.def Info: latisurvey.png  used on input line 154.
(pdftex.def)             Requested size: 211.03003pt x 130.087pt.

Underfull \hbox (badness 10000) in paragraph at lines 158--186

 []

[6 <./latisurvey.png>]
<plot trans più turn.png, id=165, 1706.375pt x 881.2925pt>
File: plot trans più turn.png Graphic file (type png)
<use plot trans più turn.png>
Package pdftex.def Info: plot trans più turn.png  used on input line 195.
(pdftex.def)             Requested size: 511.91646pt x 264.38979pt.
 [7]
Underfull \hbox (badness 10000) in paragraph at lines 201--205

 []

<punti.png, id=172, 105.996pt x 284.262pt>
File: punti.png Graphic file (type png)
<use punti.png>
Package pdftex.def Info: punti.png  used on input line 209.
(pdftex.def)             Requested size: 31.79903pt x 85.27925pt.
<trans.png, id=174, 399.29175pt x 316.7835pt>
File: trans.png Graphic file (type png)
<use trans.png>
Package pdftex.def Info: trans.png  used on input line 221.
(pdftex.def)             Requested size: 119.78844pt x 95.03577pt.

Underfull \hbox (badness 10000) in paragraph at lines 225--230

 []

[8 <./plot trans più turn.png>]
<viratafuorisurvey (1).png, id=183, 340.27126pt x 404.10976pt>
File: viratafuorisurvey (1).png Graphic file (type png)
<use viratafuorisurvey (1).png>
Package pdftex.def Info: viratafuorisurvey (1).png  used on input line 240.
(pdftex.def)             Requested size: 102.08215pt x 121.23386pt.

Underfull \hbox (badness 10000) in paragraph at lines 244--255

 []

[9 <./punti.png> <./trans.png>] [10 <./viratafuorisurvey (1).png>]
Underfull \hbox (badness 10000) in paragraph at lines 259--266

 []

<disalline.png, id=197, 87.32625pt x 446.26724pt>
File: disalline.png Graphic file (type png)
<use disalline.png>
Package pdftex.def Info: disalline.png  used on input line 270.
(pdftex.def)             Requested size: 26.19807pt x 133.8812pt.

Underfull \hbox (badness 10000) in paragraph at lines 274--282

 []

[11 <./disalline.png>]
Underfull \hbox (badness 10000) in paragraph at lines 289--296

 []

<chart.png, id=206, 314.67563pt x 225.84375pt>
File: chart.png Graphic file (type png)
<use chart.png>
Package pdftex.def Info: chart.png  used on input line 300.
(pdftex.def)             Requested size: 314.67485pt x 225.84319pt.
<escl.png, id=209, 561.297pt x 443.85825pt>
File: escl.png Graphic file (type png)
<use escl.png>
Package pdftex.def Info: escl.png  used on input line 311.
(pdftex.def)             Requested size: 168.3904pt x 133.1585pt.
<parallel.png, id=210, 1056.94875pt x 325.81725pt>
File: parallel.png Graphic file (type png)
<use parallel.png>
Package pdftex.def Info: parallel.png  used on input line 319.
(pdftex.def)             Requested size: 317.08707pt x 97.74591pt.
<deftrans.png, id=212, 971.42924pt x 254.75175pt>
File: deftrans.png Graphic file (type png)
<use deftrans.png>
Package pdftex.def Info: deftrans.png  used on input line 332.
(pdftex.def)             Requested size: 291.43102pt x 76.4261pt.
[12 <./chart.png>]
Underfull \hbox (badness 10000) in paragraph at lines 336--338

 []


Underfull \hbox (badness 10000) in paragraph at lines 340--342

 []

<aligned.png, id=223, 464.937pt x 443.85825pt>
File: aligned.png Graphic file (type png)
<use aligned.png>
Package pdftex.def Info: aligned.png  used on input line 346.
(pdftex.def)             Requested size: 139.48216pt x 133.1585pt.

Underfull \hbox (badness 10000) in paragraph at lines 355--358

 []

[13 <./escl.png> <./parallel.png>]
<entri.png, id=232, 455.301pt x 376.40625pt>
File: entri.png Graphic file (type png)
<use entri.png>
Package pdftex.def Info: entri.png  used on input line 363.
(pdftex.def)             Requested size: 136.59134pt x 112.92273pt.
<condit.png, id=233, 918.43124pt x 175.857pt>
File: condit.png Graphic file (type png)
<use condit.png>
Package pdftex.def Info: condit.png  used on input line 372.
(pdftex.def)             Requested size: 275.5315pt x 52.75749pt.

Underfull \hbox (badness 10000) in paragraph at lines 376--378

 []


Underfull \hbox (badness 10000) in paragraph at lines 379--380

 []


Underfull \hbox (badness 10000) in paragraph at lines 380--381

 []


Underfull \hbox (badness 10000) in paragraph at lines 381--382

 []


Underfull \hbox (badness 10000) in paragraph at lines 386--387

 []


Underfull \hbox (badness 10000) in paragraph at lines 388--393

 []

[14 <./deftrans.png> <./aligned.png>] [15 <./entri.png> <./condit.png>]
<macchstati.png, id=248, 1400.23125pt x 507.39563pt>
File: macchstati.png Graphic file (type png)
<use macchstati.png>
Package pdftex.def Info: macchstati.png  used on input line 402.
(pdftex.def)             Requested size: 420.07262pt x 152.21986pt.

Underfull \hbox (badness 10000) in paragraph at lines 416--427

 []


Underfull \hbox (badness 10000) in paragraph at lines 416--427

 []

<positioning.png, id=250, 587.796pt x 313.77225pt>
File: positioning.png Graphic file (type png)
<use positioning.png>
Package pdftex.def Info: positioning.png  used on input line 431.
(pdftex.def)             Requested size: 176.34015pt x 94.13239pt.
[16 <./macchstati.png>]
<spiegpositioning.png, id=258, 331.83975pt x 455.90324pt>
File: spiegpositioning.png Graphic file (type png)
<use spiegpositioning.png>
Package pdftex.def Info: spiegpositioning.png  used on input line 457.
(pdftex.def)             Requested size: 99.55269pt x 136.77202pt.
<diving.png, id=260, 424.58624pt x 538.26094pt>
File: diving.png Graphic file (type png)
<use diving.png>
Package pdftex.def Info: diving.png  used on input line 467.
(pdftex.def)             Requested size: 127.37685pt x 161.47952pt.
 [17 <./positioning.png>]
<transect.png, id=270, 880.79062pt x 564.60938pt>
File: transect.png Graphic file (type png)
<use transect.png>
Package pdftex.def Info: transect.png  used on input line 484.
(pdftex.def)             Requested size: 264.23923pt x 169.38411pt.
 [18 <./spiegpositioning.png> <./diving.png>]
<param.png, id=280, 489.62926pt x 73.4745pt>
File: param.png Graphic file (type png)
<use param.png>
Package pdftex.def Info: param.png  used on input line 495.
(pdftex.def)             Requested size: 146.88991pt x 22.04251pt.
<pages.png, id=282, 794.97pt x 173.14688pt>
File: pages.png Graphic file (type png)
<use pages.png>
Package pdftex.def Info: pages.png  used on input line 505.
(pdftex.def)             Requested size: 238.49284pt x 51.94446pt.

Underfull \hbox (badness 10000) in paragraph at lines 509--519

 []

[19 <./transect.png> <./param.png> <./pages.png>]
File: aligned.png Graphic file (type png)
<use aligned.png>
Package pdftex.def Info: aligned.png  used on input line 523.
(pdftex.def)             Requested size: 139.48216pt x 133.1585pt.

Underfull \hbox (badness 10000) in paragraph at lines 527--535

 []


Underfull \hbox (badness 10000) in paragraph at lines 536--542

 []

[20]
File: condit.png Graphic file (type png)
<use condit.png>
Package pdftex.def Info: condit.png  used on input line 546.
(pdftex.def)             Requested size: 275.5315pt x 52.75749pt.
<turn.png, id=301, 549.252pt x 446.8695pt>
File: turn.png Graphic file (type png)
<use turn.png>
Package pdftex.def Info: turn.png  used on input line 557.
(pdftex.def)             Requested size: 164.77687pt x 134.06187pt.

Underfull \hbox (badness 10000) in paragraph at lines 561--578

 []

[21 <./turn.png>]
<virate.png, id=310, 1199.98312pt x 483.30562pt>
File: virate.png Graphic file (type png)
<use virate.png>
Package pdftex.def Info: virate.png  used on input line 582.
(pdftex.def)             Requested size: 359.99771pt x 144.9928pt.
<timer.png, id=311, 710.655pt x 180.675pt>
File: timer.png Graphic file (type png)
<use timer.png>
Package pdftex.def Info: timer.png  used on input line 592.
(pdftex.def)             Requested size: 213.19814pt x 54.20291pt.
 [22 <./virate.png> <./timer.png>]
<raggio.png, id=320, 518.6878pt x 171.64125pt>
File: raggio.png Graphic file (type png)
<use raggio.png>
Package pdftex.def Info: raggio.png  used on input line 606.
(pdftex.def)             Requested size: 155.60754pt x 51.49275pt.
<time.png, id=323, 224.33812pt x 82.05656pt>
File: time.png Graphic file (type png)
<use time.png>
Package pdftex.def Info: time.png  used on input line 624.
(pdftex.def)             Requested size: 67.30194pt x 24.61714pt.
<surf.png, id=326, 666.99188pt x 423.08063pt>
File: surf.png Graphic file (type png)
<use surf.png>
Package pdftex.def Info: surf.png  used on input line 636.
(pdftex.def)             Requested size: 200.0991pt x 126.92516pt.
<wall.png, id=327, 478.03593pt x 121.95563pt>
File: wall.png Graphic file (type png)
<use wall.png>
Package pdftex.def Info: wall.png  used on input line 646.
(pdftex.def)             Requested size: 143.41188pt x 36.58696pt.
 [23 <./raggio.png> <./time.png>]
<eme.png, id=339, 1072.75781pt x 203.25937pt>
File: eme.png Graphic file (type png)
<use eme.png>
Package pdftex.def Info: eme.png  used on input line 658.
(pdftex.def)             Requested size: 321.82983pt x 60.97827pt.

Underfull \hbox (badness 10000) in paragraph at lines 662--664

 []

<emer.png, id=341, 488.57532pt x 219.82124pt>
File: emer.png Graphic file (type png)
<use emer.png>
Package pdftex.def Info: emer.png  used on input line 669.
(pdftex.def)             Requested size: 146.57372pt x 65.94687pt.
[24 <./surf.png> <./wall.png> <./eme.png>]
<missend.png, id=353, 858.20625pt x 179.16937pt>
File: missend.png Graphic file (type png)
<use missend.png>
Package pdftex.def Info: missend.png  used on input line 681.
(pdftex.def)             Requested size: 257.46387pt x 53.75122pt.
<else.png, id=355, 514.17094pt x 118.94438pt>
File: else.png Graphic file (type png)
<use else.png>
Package pdftex.def Info: else.png  used on input line 691.
(pdftex.def)             Requested size: 154.25247pt x 35.68358pt.
<stop.png, id=357, 682.04813pt x 584.93532pt>
File: stop.png Graphic file (type png)
<use stop.png>
Package pdftex.def Info: stop.png  used on input line 711.
(pdftex.def)             Requested size: 204.61601pt x 175.48195pt.
 [25 <./emer.png> <./missend.png> <./else.png>]
<issman.png, id=368, 490.83376pt x 314.97675pt>
File: issman.png Graphic file (type png)
<use issman.png>
Package pdftex.def Info: issman.png  used on input line 722.
(pdftex.def)             Requested size: 147.25125pt x 94.49374pt.
<iss.png, id=370, 380.622pt x 442.65375pt>
File: iss.png Graphic file (type png)
<use iss.png>
Package pdftex.def Info: iss.png  used on input line 731.
(pdftex.def)             Requested size: 114.18747pt x 132.79713pt.
<free.png, id=372, 270.25969pt x 263.48438pt>
File: free.png Graphic file (type png)
<use free.png>
Package pdftex.def Info: free.png  used on input line 742.
(pdftex.def)             Requested size: 81.07852pt x 79.04591pt.

Underfull \hbox (badness 10000) in paragraph at lines 746--754

 []

[26 <./stop.png> <./issman.png>]
<check.png, id=383, 916.1728pt x 569.12625pt>
File: check.png Graphic file (type png)
<use check.png>
Package pdftex.def Info: check.png  used on input line 762.
(pdftex.def)             Requested size: 274.85396pt x 170.73918pt.

Underfull \hbox (badness 10000) in paragraph at lines 766--777

 []


Underfull \hbox (badness 10000) in paragraph at lines 766--777

 []

[27 <./iss.png> <./free.png>]
Underfull \hbox (badness 10000) in paragraph at lines 778--783

 []


Underfull \hbox (badness 10000) in paragraph at lines 778--783

 []

<warn.png, id=392, 325.96782pt x 273.27094pt>
File: warn.png Graphic file (type png)
<use warn.png>
Package pdftex.def Info: warn.png  used on input line 792.
(pdftex.def)             Requested size: 97.79109pt x 81.9819pt.

Underfull \hbox (badness 10000) in paragraph at lines 796--797

 []

[28 <./check.png> <./warn.png>]
<dis.png, id=401, 918.43124pt x 601.4972pt>
File: dis.png Graphic file (type png)
<use dis.png>
Package pdftex.def Info: dis.png  used on input line 801.
(pdftex.def)             Requested size: 275.5315pt x 180.45055pt.
<emerg.png, id=403, 797.22844pt x 478.03593pt>
File: emerg.png Graphic file (type png)
<use emerg.png>
Package pdftex.def Info: emerg.png  used on input line 815.
(pdftex.def)             Requested size: 239.17038pt x 143.41188pt.
<emerge.png, id=404, 727.518pt x 413.74574pt>
File: emerge.png Graphic file (type png)
<use emerge.png>
Package pdftex.def Info: emerge.png  used on input line 831.
(pdftex.def)             Requested size: 218.25708pt x 124.12468pt.
 [29 <./dis.png>]
<sx.png, id=413, 411.78844pt x 556.32843pt>
File: sx.png Graphic file (type png)
<use sx.png>
Package pdftex.def Info: sx.png  used on input line 843.
(pdftex.def)             Requested size: 123.53748pt x 166.89981pt.
<obs.png, id=415, 290.58563pt x 112.16907pt>
File: obs.png Graphic file (type png)
<use obs.png>
Package pdftex.def Info: obs.png  used on input line 852.
(pdftex.def)             Requested size: 87.17636pt x 33.65097pt.
 [30 <./emerg.png> <./emerge.png>]
<obs1.png, id=426, 808.52063pt x 448.67625pt>
File: obs1.png Graphic file (type png)
<use obs1.png>
Package pdftex.def Info: obs1.png  used on input line 872.
(pdftex.def)             Requested size: 242.55806pt x 134.60391pt.
<ccond.png, id=428, 401.24907pt x 137.01187pt>
File: ccond.png Graphic file (type png)
<use ccond.png>
Package pdftex.def Info: ccond.png  used on input line 888.
(pdftex.def)             Requested size: 120.37564pt x 41.10387pt.
 [31 <./sx.png> <./obs.png>]
<consid.png, id=437, 584.78474pt x 266.1945pt>
File: consid.png Graphic file (type png)
<use consid.png>
Package pdftex.def Info: consid.png  used on input line 908.
(pdftex.def)             Requested size: 175.43677pt x 79.85896pt.

Underfull \hbox (badness 10000) in paragraph at lines 912--921

 []


Underfull \hbox (badness 10000) in paragraph at lines 912--921

 []

[32 <./obs1.png> <./ccond.png>]
<obs2.png, id=447, 630.10406pt x 253.69781pt>
File: obs2.png Graphic file (type png)
<use obs2.png>
Package pdftex.def Info: obs2.png  used on input line 926.
(pdftex.def)             Requested size: 189.03267pt x 76.10992pt.
<wall1.png, id=449, 572.1375pt x 95.6072pt>
File: wall1.png Graphic file (type png)
<use wall1.png>
Package pdftex.def Info: wall1.png  used on input line 937.
(pdftex.def)             Requested size: 171.64256pt x 28.68237pt.
 [33 <./consid.png> <./obs2.png> <./wall1.png>]
<nopieno.png, id=460, 405.76593pt x 447.17062pt>
File: nopieno.png Graphic file (type png)
<use nopieno.png>
Package pdftex.def Info: nopieno.png  used on input line 950.
(pdftex.def)             Requested size: 121.73071pt x 134.15222pt.
<pieno.png, id=463, 578.91281pt x 414.79968pt>
File: pieno.png Graphic file (type png)
<use pieno.png>
Package pdftex.def Info: pieno.png  used on input line 965.
(pdftex.def)             Requested size: 173.67517pt x 124.44086pt.

[34 <./nopieno.png> <./pieno.png>]
<ostacoli.png, id=474, 588.39825pt x 245.718pt>
File: ostacoli.png Graphic file (type png)
<use ostacoli.png>
Package pdftex.def Info: ostacoli.png  used on input line 981.
(pdftex.def)             Requested size: 176.52083pt x 73.71596pt.

Underfull \hbox (badness 10000) in paragraph at lines 986--991

 []

[35 <./ostacoli.png>]
Underfull \hbox (badness 10000) in paragraph at lines 1017--1018

 []


Underfull \hbox (badness 10000) in paragraph at lines 1018--1019

 []


Underfull \hbox (badness 10000) in paragraph at lines 1019--1020

 []


Underfull \hbox (badness 10000) in paragraph at lines 1020--1021

 []


Underfull \hbox (badness 10000) in paragraph at lines 1021--1022

 []


Underfull \hbox (badness 10000) in paragraph at lines 1022--1023

 []


Underfull \hbox (badness 10000) in paragraph at lines 1023--1024

 []


Underfull \hbox (badness 10000) in paragraph at lines 1027--1043

 []

[36] [37] (Subacquei.lof [38

])
\tf@lof=\write6
\openout6 = `Subacquei.lof'.

 [39]
LaTeX Font Info:    Trying to load font information for T1+cmtt on input line 1
047.

("C:\Program Files\MiKTeX 2.9\tex/latex/base\t1cmtt.fd"
File: t1cmtt.fd 2019/12/16 v2.5j Standard LaTeX font definitions
)
Package atveryend Info: Empty hook `BeforeClearDocument' on input line 1048.
 [40]
Package atveryend Info: Empty hook `AfterLastShipout' on input line 1048.
 (Subacquei.aux)
Package atveryend Info: Executing hook `AtVeryEndDocument' on input line 1048.
Package atveryend Info: Executing hook `AtEndAfterFileList' on input line 1048.

Package rerunfilecheck Info: File `Subacquei.out' has not changed.
(rerunfilecheck)             Checksum: 2E64266EEA7EF37F8C51AA9E2C37BF8E;1516.
Package logreq Info: Writing requests to 'Subacquei.run.xml'.
\openout1 = `Subacquei.run.xml'.

 ) 
Here is how much of TeX's memory you used:
 18529 strings out of 480763
 343846 string characters out of 2903973
 991392 words of memory out of 3000000
 34093 multiletter control sequences out of 15000+200000
 549786 words of font info for 62 fonts, out of 3000000 for 9000
 1141 hyphenation exceptions out of 8191
 41i,7n,48p,800b,1919s stack positions out of 5000i,500n,10000p,200000b,50000s
 <C:\Users\User\AppData\Local\MiKTeX\2.9\fonts/pk/ljfour/jknappen/ec/dpi600\e
ctt1000.pk> <C:\Users\User\AppData\Local\MiKTeX\2.9\fonts/pk/ljfour/jknappen/ec
/dpi600\eccc1000.pk> <C:\Users\User\AppData\Local\MiKTeX\2.9\fonts/pk/ljfour/jk
nappen/ec/dpi600\ecbi1000.pk> <C:\Users\User\AppData\Local\MiKTeX\2.9\fonts/pk/
ljfour/jknappen/ec/dpi600\tcrm1000.pk> <C:\Users\User\AppData\Local\MiKTeX\2.9\
fonts/pk/ljfour/jknappen/ec/dpi600\ecti1000.pk> <C:\Users\User\AppData\Local\Mi
KTeX\2.9\fonts/pk/ljfour/jknappen/ec/dpi600\ecbx1000.pk> <C:\Users\User\AppData
\Local\MiKTeX\2.9\fonts/pk/ljfour/jknappen/ec/dpi600\ecbx1440.pk> <C:\Users\Use
r\AppData\Local\MiKTeX\2.9\fonts/pk/ljfour/jknappen/ec/dpi600\ecbx1200.pk> <C:\
Users\User\AppData\Local\MiKTeX\2.9\fonts/pk/ljfour/jknappen/ec/dpi600\ecrm1000
.pk> <C:\Users\User\AppData\Local\MiKTeX\2.9\fonts/pk/ljfour/jknappen/ec/dpi600
\ecbx2488.pk><C:/Program Files/MiKTeX 2.9/fonts/type1/public/amsfonts/cm/cmmi10
.pfb><C:/Program Files/MiKTeX 2.9/fonts/type1/public/amsfonts/cm/cmr10.pfb><C:/
Program Files/MiKTeX 2.9/fonts/type1/public/amsfonts/cm/cmsy10.pfb>
Output written on Subacquei.pdf (41 pages, 2346145 bytes).
PDF statistics:
 927 PDF objects out of 1000 (max. 8388607)
 126 named destinations out of 1000 (max. 500000)
 421 words of extra memory for PDF output out of 10000 (max. 10000000)

